C:\COCOS2D-X-2.2.1\DEBUG.WIN32\HORIZONTALFLYWAR.WIN32.EXE
C:\COCOS2D-X-2.2.1\DEBUG.WIN32\HORIZONTALFLYWAR.WIN32.ILK
C:\COCOS2D-X-2.2.1\DEBUG.WIN32\HORIZONTALFLYWAR.WIN32.PDB
E:\HORIZONTALFLYWAR\PROJ.WIN32\DEBUG.WIN32\APPDELEGATE.OBJ
E:\HORIZONTALFLYWAR\PROJ.WIN32\DEBUG.WIN32\BOSSBULLET.OBJ
E:\HORIZONTALFLYWAR\PROJ.WIN32\DEBUG.WIN32\BULLET.OBJ
E:\HORIZONTALFLYWAR\PROJ.WIN32\DEBUG.WIN32\CUSERPROFILE.OBJ
E:\HORIZONTALFLYWAR\PROJ.WIN32\DEBUG.WIN32\ENEMYBASE.OBJ
E:\HORIZONTALFLYWAR\PROJ.WIN32\DEBUG.WIN32\ENEMYBOSS.OBJ
E:\HORIZONTALFLYWAR\PROJ.WIN32\DEBUG.WIN32\FLYPLAYER.OBJ
E:\HORIZONTALFLYWAR\PROJ.WIN32\DEBUG.WIN32\GAMEOBJECT.OBJ
E:\HORIZONTALFLYWAR\PROJ.WIN32\DEBUG.WIN32\GAMEOVER.OBJ
E:\HORIZONTALFLYWAR\PROJ.WIN32\DEBUG.WIN32\HORIZONTALFLYWAR.RES
E:\HORIZONTALFLYWAR\PROJ.WIN32\DEBUG.WIN32\HORIZONTALFLYWAR.WIN32.EXE.EMBED.MANIFEST.RES
E:\HORIZONTALFLYWAR\PROJ.WIN32\DEBUG.WIN32\HORIZONTALFLYWAR.WIN32.EXE.INTERMEDIATE.MANIFEST
E:\HORIZONTALFLYWAR\PROJ.WIN32\DEBUG.WIN32\ICONVSTRING.OBJ
E:\HORIZONTALFLYWAR\PROJ.WIN32\DEBUG.WIN32\INGAMELAYER.OBJ
E:\HORIZONTALFLYWAR\PROJ.WIN32\DEBUG.WIN32\LEARNCLASS.OBJ
E:\HORIZONTALFLYWAR\PROJ.WIN32\DEBUG.WIN32\MAIN.OBJ
E:\HORIZONTALFLYWAR\PROJ.WIN32\DEBUG.WIN32\VC100.PDB
E:\HORIZONTALFLYWAR\PROJ.WIN32\DEBUG.WIN32\WELCOMELAYER.OBJ
E:\大三下学期\游戏设计与制作+网络大作业\HORIZONTALFLYWAR\PROJ.WIN32\DEBUG.WIN32\APPDELEGATE.OBJ
E:\大三下学期\游戏设计与制作+网络大作业\HORIZONTALFLYWAR\PROJ.WIN32\DEBUG.WIN32\BOSSBULLET.OBJ
E:\大三下学期\游戏设计与制作+网络大作业\HORIZONTALFLYWAR\PROJ.WIN32\DEBUG.WIN32\BULLET.OBJ
E:\大三下学期\游戏设计与制作+网络大作业\HorizontalFlyWar\proj.win32\Debug.win32\cl.command.1.tlog
E:\大三下学期\游戏设计与制作+网络大作业\HorizontalFlyWar\proj.win32\Debug.win32\CL.read.1.tlog
E:\大三下学期\游戏设计与制作+网络大作业\HorizontalFlyWar\proj.win32\Debug.win32\CL.write.1.tlog
E:\大三下学期\游戏设计与制作+网络大作业\HorizontalFlyWar\proj.win32\Debug.win32\CUserProfile.obj
E:\大三下学期\游戏设计与制作+网络大作业\HORIZONTALFLYWAR\PROJ.WIN32\DEBUG.WIN32\ENEMYBASE.OBJ
E:\大三下学期\游戏设计与制作+网络大作业\HORIZONTALFLYWAR\PROJ.WIN32\DEBUG.WIN32\ENEMYBOSS.OBJ
E:\大三下学期\游戏设计与制作+网络大作业\HORIZONTALFLYWAR\PROJ.WIN32\DEBUG.WIN32\FLYPLAYER.OBJ
E:\大三下学期\游戏设计与制作+网络大作业\HORIZONTALFLYWAR\PROJ.WIN32\DEBUG.WIN32\GAMEOBJECT.OBJ
E:\大三下学期\游戏设计与制作+网络大作业\HORIZONTALFLYWAR\PROJ.WIN32\DEBUG.WIN32\GAMEOVER.OBJ
E:\大三下学期\游戏设计与制作+网络大作业\HORIZONTALFLYWAR\PROJ.WIN32\DEBUG.WIN32\HORIZONTALFLYWAR.RES
E:\大三下学期\游戏设计与制作+网络大作业\HORIZONTALFLYWAR\PROJ.WIN32\DEBUG.WIN32\HORIZONTALFLYWAR.WIN32.EXE.EMBED.MANIFEST
E:\大三下学期\游戏设计与制作+网络大作业\HORIZONTALFLYWAR\PROJ.WIN32\DEBUG.WIN32\HORIZONTALFLYWAR.WIN32.EXE.EMBED.MANIFEST.RES
E:\大三下学期\游戏设计与制作+网络大作业\HorizontalFlyWar\proj.win32\Debug.win32\HorizontalFlyWar.win32.exe.intermediate.manifest
E:\大三下学期\游戏设计与制作+网络大作业\HorizontalFlyWar\proj.win32\Debug.win32\HorizontalFlyWar.win32.vcxprojResolveAssemblyReference.cache
E:\大三下学期\游戏设计与制作+网络大作业\HorizontalFlyWar\proj.win32\Debug.win32\HorizontalFlyWar.win32.write.1.tlog
E:\大三下学期\游戏设计与制作+网络大作业\HorizontalFlyWar\proj.win32\Debug.win32\HorizontalFlyWar.win32_manifest.rc
E:\大三下学期\游戏设计与制作+网络大作业\HORIZONTALFLYWAR\PROJ.WIN32\DEBUG.WIN32\ICONVSTRING.OBJ
E:\大三下学期\游戏设计与制作+网络大作业\HorizontalFlyWar\proj.win32\Debug.win32\InGameLayer.obj
E:\大三下学期\游戏设计与制作+网络大作业\HORIZONTALFLYWAR\PROJ.WIN32\DEBUG.WIN32\LEARNCLASS.OBJ
E:\大三下学期\游戏设计与制作+网络大作业\HorizontalFlyWar\proj.win32\Debug.win32\link.1764.read.1.tlog
E:\大三下学期\游戏设计与制作+网络大作业\HorizontalFlyWar\proj.win32\Debug.win32\link.1764.write.1.tlog
E:\大三下学期\游戏设计与制作+网络大作业\HorizontalFlyWar\proj.win32\Debug.win32\link.1764-cvtres.read.1.tlog
E:\大三下学期\游戏设计与制作+网络大作业\HorizontalFlyWar\proj.win32\Debug.win32\link.1764-cvtres.write.1.tlog
E:\大三下学期\游戏设计与制作+网络大作业\HorizontalFlyWar\proj.win32\Debug.win32\link.2216.read.1.tlog
E:\大三下学期\游戏设计与制作+网络大作业\HorizontalFlyWar\proj.win32\Debug.win32\link.2216.write.1.tlog
E:\大三下学期\游戏设计与制作+网络大作业\HorizontalFlyWar\proj.win32\Debug.win32\link.2216-cvtres.read.1.tlog
E:\大三下学期\游戏设计与制作+网络大作业\HorizontalFlyWar\proj.win32\Debug.win32\link.2216-cvtres.write.1.tlog
E:\大三下学期\游戏设计与制作+网络大作业\HorizontalFlyWar\proj.win32\Debug.win32\link.3468.read.1.tlog
E:\大三下学期\游戏设计与制作+网络大作业\HorizontalFlyWar\proj.win32\Debug.win32\link.3468.write.1.tlog
E:\大三下学期\游戏设计与制作+网络大作业\HorizontalFlyWar\proj.win32\Debug.win32\link.3468-cvtres.read.1.tlog
E:\大三下学期\游戏设计与制作+网络大作业\HorizontalFlyWar\proj.win32\Debug.win32\link.3468-cvtres.write.1.tlog
E:\大三下学期\游戏设计与制作+网络大作业\HorizontalFlyWar\proj.win32\Debug.win32\link.4452.read.1.tlog
E:\大三下学期\游戏设计与制作+网络大作业\HorizontalFlyWar\proj.win32\Debug.win32\link.4452.write.1.tlog
E:\大三下学期\游戏设计与制作+网络大作业\HorizontalFlyWar\proj.win32\Debug.win32\link.4452-cvtres.read.1.tlog
E:\大三下学期\游戏设计与制作+网络大作业\HorizontalFlyWar\proj.win32\Debug.win32\link.4452-cvtres.write.1.tlog
E:\大三下学期\游戏设计与制作+网络大作业\HorizontalFlyWar\proj.win32\Debug.win32\link.5660.read.1.tlog
E:\大三下学期\游戏设计与制作+网络大作业\HorizontalFlyWar\proj.win32\Debug.win32\link.5660.write.1.tlog
E:\大三下学期\游戏设计与制作+网络大作业\HorizontalFlyWar\proj.win32\Debug.win32\link.5660-cvtres.read.1.tlog
E:\大三下学期\游戏设计与制作+网络大作业\HorizontalFlyWar\proj.win32\Debug.win32\link.5660-cvtres.write.1.tlog
E:\大三下学期\游戏设计与制作+网络大作业\HorizontalFlyWar\proj.win32\Debug.win32\link.6456.read.1.tlog
E:\大三下学期\游戏设计与制作+网络大作业\HorizontalFlyWar\proj.win32\Debug.win32\link.6456.write.1.tlog
E:\大三下学期\游戏设计与制作+网络大作业\HorizontalFlyWar\proj.win32\Debug.win32\link.6456-cvtres.read.1.tlog
E:\大三下学期\游戏设计与制作+网络大作业\HorizontalFlyWar\proj.win32\Debug.win32\link.6456-cvtres.write.1.tlog
E:\大三下学期\游戏设计与制作+网络大作业\HorizontalFlyWar\proj.win32\Debug.win32\link.6888.read.1.tlog
E:\大三下学期\游戏设计与制作+网络大作业\HorizontalFlyWar\proj.win32\Debug.win32\link.6888.write.1.tlog
E:\大三下学期\游戏设计与制作+网络大作业\HorizontalFlyWar\proj.win32\Debug.win32\link.6888-cvtres.read.1.tlog
E:\大三下学期\游戏设计与制作+网络大作业\HorizontalFlyWar\proj.win32\Debug.win32\link.6888-cvtres.write.1.tlog
E:\大三下学期\游戏设计与制作+网络大作业\HorizontalFlyWar\proj.win32\Debug.win32\link.7864.read.1.tlog
E:\大三下学期\游戏设计与制作+网络大作业\HorizontalFlyWar\proj.win32\Debug.win32\link.7864.write.1.tlog
E:\大三下学期\游戏设计与制作+网络大作业\HorizontalFlyWar\proj.win32\Debug.win32\link.7864-cvtres.read.1.tlog
E:\大三下学期\游戏设计与制作+网络大作业\HorizontalFlyWar\proj.win32\Debug.win32\link.7864-cvtres.write.1.tlog
E:\大三下学期\游戏设计与制作+网络大作业\HorizontalFlyWar\proj.win32\Debug.win32\link.command.1.tlog
E:\大三下学期\游戏设计与制作+网络大作业\HorizontalFlyWar\proj.win32\Debug.win32\link.read.1.tlog
E:\大三下学期\游戏设计与制作+网络大作业\HorizontalFlyWar\proj.win32\Debug.win32\link.write.1.tlog
E:\大三下学期\游戏设计与制作+网络大作业\HorizontalFlyWar\proj.win32\Debug.win32\link-cvtres.read.1.tlog
E:\大三下学期\游戏设计与制作+网络大作业\HorizontalFlyWar\proj.win32\Debug.win32\link-cvtres.write.1.tlog
E:\大三下学期\游戏设计与制作+网络大作业\HORIZONTALFLYWAR\PROJ.WIN32\DEBUG.WIN32\MAIN.OBJ
E:\大三下学期\游戏设计与制作+网络大作业\HorizontalFlyWar\proj.win32\Debug.win32\mt.command.1.tlog
E:\大三下学期\游戏设计与制作+网络大作业\HorizontalFlyWar\proj.win32\Debug.win32\mt.read.1.tlog
E:\大三下学期\游戏设计与制作+网络大作业\HorizontalFlyWar\proj.win32\Debug.win32\mt.write.1.tlog
E:\大三下学期\游戏设计与制作+网络大作业\HorizontalFlyWar\proj.win32\Debug.win32\rc.command.1.tlog
E:\大三下学期\游戏设计与制作+网络大作业\HorizontalFlyWar\proj.win32\Debug.win32\rc.read.1.tlog
E:\大三下学期\游戏设计与制作+网络大作业\HorizontalFlyWar\proj.win32\Debug.win32\rc.write.1.tlog
E:\大三下学期\游戏设计与制作+网络大作业\HorizontalFlyWar\proj.win32\Debug.win32\vc100.idb
E:\大三下学期\游戏设计与制作+网络大作业\HORIZONTALFLYWAR\PROJ.WIN32\DEBUG.WIN32\VC100.PDB
E:\大三下学期\游戏设计与制作+网络大作业\HORIZONTALFLYWAR\PROJ.WIN32\DEBUG.WIN32\WELCOMELAYER.OBJ
G:\HORIZONTALFLYWAR\PROJ.WIN32\DEBUG.WIN32\APPDELEGATE.OBJ
G:\HORIZONTALFLYWAR\PROJ.WIN32\DEBUG.WIN32\BOSSBULLET.OBJ
G:\HORIZONTALFLYWAR\PROJ.WIN32\DEBUG.WIN32\BULLET.OBJ
G:\HORIZONTALFLYWAR\PROJ.WIN32\DEBUG.WIN32\CUSERPROFILE.OBJ
G:\HORIZONTALFLYWAR\PROJ.WIN32\DEBUG.WIN32\ENEMYBASE.OBJ
G:\HORIZONTALFLYWAR\PROJ.WIN32\DEBUG.WIN32\ENEMYBOSS.OBJ
G:\HORIZONTALFLYWAR\PROJ.WIN32\DEBUG.WIN32\FLYPLAYER.OBJ
G:\HORIZONTALFLYWAR\PROJ.WIN32\DEBUG.WIN32\GAMEOBJECT.OBJ
G:\HORIZONTALFLYWAR\PROJ.WIN32\DEBUG.WIN32\GAMEOVER.OBJ
G:\HORIZONTALFLYWAR\PROJ.WIN32\DEBUG.WIN32\HORIZONTALFLYWAR.RES
G:\HORIZONTALFLYWAR\PROJ.WIN32\DEBUG.WIN32\HORIZONTALFLYWAR.WIN32.EXE.EMBED.MANIFEST.RES
G:\HORIZONTALFLYWAR\PROJ.WIN32\DEBUG.WIN32\ICONVSTRING.OBJ
G:\HORIZONTALFLYWAR\PROJ.WIN32\DEBUG.WIN32\INGAMELAYER.OBJ
G:\HORIZONTALFLYWAR\PROJ.WIN32\DEBUG.WIN32\LEARNCLASS.OBJ
G:\HORIZONTALFLYWAR\PROJ.WIN32\DEBUG.WIN32\MAIN.OBJ
G:\HORIZONTALFLYWAR\PROJ.WIN32\DEBUG.WIN32\VC100.PDB
G:\HORIZONTALFLYWAR\PROJ.WIN32\DEBUG.WIN32\WELCOMELAYER.OBJ
